<?xml version="1.0" encoding="UTF-8"?>
<testsuite xmlns:xsi="http://www.w3.org/2001/XMLSchema-instance" xsi:noNamespaceSchemaLocation="https://maven.apache.org/surefire/maven-surefire-plugin/xsd/surefire-test-report-3.0.xsd" version="3.0" name="StatsCalculatorTest" time="0.321" tests="5" errors="0" skipped="0" failures="0">
  <properties>
[...]
</properties>
  <testcase name="calculatePopularDomainTest" classname="StatsCalculatorTest" time="0.012">
    <system-err><![CDATA[янв. 19, 2023 1:35:37 AM org.springframework.context.support.ClassPathXmlApplicationContext prepareRefresh
INFO: Refreshing org.springframework.context.support.ClassPathXmlApplicationContext@5bd03f44: startup date [Thu Jan 19 01:35:37 EET 2023]; root of context hierarchy
янв. 19, 2023 1:35:38 AM org.springframework.beans.factory.xml.XmlBeanDefinitionReader loadBeanDefinitions
INFO: Loading XML bean definitions from class path resource [SpringXMLConfig.xml]
янв. 19, 2023 1:35:38 AM org.springframework.beans.factory.xml.XmlBeanDefinitionReader loadBeanDefinitions
INFO: Loading XML bean definitions from file [C:\Users\serega\Documents\NetBeansProjects\frameworks\maven\src\main\resources\SpringXMLConfig.xml]
]]></system-err>
  </testcase>
  <testcase name="whenExceptionThrown_thenExpactationSatisfied" classname="StatsCalculatorTest" time="0"/>
  <testcase name="patternMatchesTest" classname="StatsCalculatorTest" time="0"/>
  <testcase name="getEmailDomainTest" classname="StatsCalculatorTest" time="0"/>
  <testcase name="calculateMeanAgeTest" classname="StatsCalculatorTest" time="0"/>
</testsuite>